2025-06-27 18:19:06.814 [info] [main] Log level: Info
2025-06-27 18:19:06.815 [info] [main] Validating found git in: "git"
2025-06-27 18:19:06.815 [info] [main] Using git "2.50.0" from "git"
2025-06-27 18:19:06.815 [info] [Model][doInitialScan] Initial repository scan started
2025-06-27 18:19:06.815 [info] > git rev-parse --show-toplevel [13ms]
2025-06-27 18:19:06.815 [info] fatal: not a git repository (or any of the parent directories): .git
2025-06-27 18:19:06.815 [info] > git rev-parse --show-toplevel [3ms]
2025-06-27 18:19:06.815 [info] fatal: not a git repository (or any of the parent directories): .git
2025-06-27 18:19:06.815 [info] > git rev-parse --show-toplevel [2ms]
2025-06-27 18:19:06.815 [info] fatal: not a git repository (or any of the parent directories): .git
2025-06-27 18:19:06.815 [info] > git rev-parse --show-toplevel [3ms]
2025-06-27 18:19:06.815 [info] fatal: not a git repository (or any of the parent directories): .git
2025-06-27 18:19:06.815 [info] > git rev-parse --show-toplevel [9ms]
2025-06-27 18:19:06.815 [info] fatal: not a git repository (or any of the parent directories): .git
2025-06-27 18:19:06.815 [info] > git rev-parse --show-toplevel [8ms]
2025-06-27 18:19:06.815 [info] fatal: not a git repository (or any of the parent directories): .git
2025-06-27 18:19:06.815 [info] > git rev-parse --show-toplevel [4ms]
2025-06-27 18:19:06.815 [info] fatal: not a git repository (or any of the parent directories): .git
2025-06-27 18:19:06.815 [info] > git rev-parse --show-toplevel [4ms]
2025-06-27 18:19:06.815 [info] fatal: not a git repository (or any of the parent directories): .git
2025-06-27 18:19:06.815 [info] > git rev-parse --show-toplevel [2ms]
2025-06-27 18:19:06.815 [info] fatal: not a git repository (or any of the parent directories): .git
2025-06-27 18:19:06.859 [info] > git rev-parse --show-toplevel [35ms]
2025-06-27 18:19:06.859 [info] fatal: not a git repository (or any of the parent directories): .git
2025-06-27 18:19:07.073 [info] > git rev-parse --show-toplevel [205ms]
2025-06-27 18:19:07.144 [info] > git rev-parse --git-dir --git-common-dir [3ms]
2025-06-27 18:19:07.165 [info] [Model][openRepository] Opened repository (path): /home/monarch/.oh-my-zsh
2025-06-27 18:19:07.165 [info] [Model][openRepository] Opened repository (real path): /home/monarch/.oh-my-zsh
2025-06-27 18:19:07.194 [info] > git rev-parse --show-toplevel [11ms]
2025-06-27 18:19:07.194 [info] fatal: not a git repository (or any of the parent directories): .git
2025-06-27 18:19:07.195 [info] > git config --get commit.template [19ms]
2025-06-27 18:19:07.217 [info] > git rev-parse --show-toplevel [10ms]
2025-06-27 18:19:07.217 [info] fatal: not a git repository (or any of the parent directories): .git
2025-06-27 18:19:07.224 [info] > git for-each-ref --format=%(refname)%00%(upstream:short)%00%(objectname)%00%(upstream:track)%00%(upstream:remotename)%00%(upstream:remoteref) refs/heads/master refs/remotes/master [9ms]
2025-06-27 18:19:07.225 [info] > git rev-parse --show-toplevel [2ms]
2025-06-27 18:19:07.225 [info] fatal: not a git repository (or any of the parent directories): .git
2025-06-27 18:19:07.248 [info] > git rev-parse --show-toplevel [14ms]
2025-06-27 18:19:07.248 [info] fatal: not a git repository (or any of the parent directories): .git
2025-06-27 18:19:07.256 [info] > git rev-parse --show-toplevel [1ms]
2025-06-27 18:19:07.256 [info] fatal: not a git repository (or any of the parent directories): .git
2025-06-27 18:19:07.256 [info] > git for-each-ref --sort -committerdate --format %(refname)%00%(objectname)%00%(*objectname) [9ms]
2025-06-27 18:19:07.263 [info] > git rev-parse --show-toplevel [2ms]
2025-06-27 18:19:07.263 [info] fatal: not a git repository (or any of the parent directories): .git
2025-06-27 18:19:07.272 [info] > git rev-parse --show-toplevel [1ms]
2025-06-27 18:19:07.272 [info] fatal: not a git repository (or any of the parent directories): .git
2025-06-27 18:19:07.278 [info] > git rev-parse --show-toplevel [2ms]
2025-06-27 18:19:07.278 [info] fatal: not a git repository (or any of the parent directories): .git
2025-06-27 18:19:07.287 [info] > git rev-parse --show-toplevel [2ms]
2025-06-27 18:19:07.287 [info] fatal: not a git repository (or any of the parent directories): .git
2025-06-27 18:19:07.293 [info] > git rev-parse --show-toplevel [1ms]
2025-06-27 18:19:07.294 [info] fatal: not a git repository (or any of the parent directories): .git
2025-06-27 18:19:07.301 [info] > git rev-parse --show-toplevel [2ms]
2025-06-27 18:19:07.301 [info] fatal: not a git repository (or any of the parent directories): .git
2025-06-27 18:19:07.307 [info] > git rev-parse --show-toplevel [1ms]
2025-06-27 18:19:07.307 [info] fatal: not a git repository (or any of the parent directories): .git
2025-06-27 18:19:07.314 [info] > git rev-parse --show-toplevel [1ms]
2025-06-27 18:19:07.314 [info] fatal: not a git repository (or any of the parent directories): .git
2025-06-27 18:19:07.321 [info] > git rev-parse --show-toplevel [1ms]
2025-06-27 18:19:07.321 [info] fatal: not a git repository (or any of the parent directories): .git
2025-06-27 18:19:07.326 [info] > git rev-parse --show-toplevel [1ms]
2025-06-27 18:19:07.326 [info] fatal: not a git repository (or any of the parent directories): .git
2025-06-27 18:19:07.334 [info] > git rev-parse --show-toplevel [3ms]
2025-06-27 18:19:07.342 [info] > git rev-parse --git-dir --git-common-dir [2ms]
2025-06-27 18:19:07.352 [info] [Model][openRepository] Opened repository (path): /home/monarch/sddm-eucalyptus-drop
2025-06-27 18:19:07.352 [info] [Model][openRepository] Opened repository (real path): /home/monarch/sddm-eucalyptus-drop
2025-06-27 18:19:07.367 [info] > git status -z -uall [127ms]
2025-06-27 18:19:07.393 [info] > git for-each-ref --format=%(refname)%00%(upstream:short)%00%(objectname)%00%(upstream:track)%00%(upstream:remotename)%00%(upstream:remoteref) refs/heads/master refs/remotes/master [11ms]
2025-06-27 18:19:07.401 [info] > git rev-parse --show-toplevel [35ms]
2025-06-27 18:19:07.401 [info] > git config --get commit.template [43ms]
2025-06-27 18:19:07.410 [info] > git config --get --local branch.master.vscode-merge-base [10ms]
2025-06-27 18:19:07.418 [info] > git config --get commit.template [26ms]
2025-06-27 18:19:07.424 [info] > git for-each-ref --format=%(refname)%00%(upstream:short)%00%(objectname)%00%(upstream:track)%00%(upstream:remotename)%00%(upstream:remoteref) refs/heads/origin/master refs/remotes/origin/master [6ms]
2025-06-27 18:19:07.432 [info] > git rev-parse --git-dir --git-common-dir [22ms]
2025-06-27 18:19:07.439 [info] [Model][openRepository] Opened repository (path): /home/monarch/waydroid_script
2025-06-27 18:19:07.439 [info] [Model][openRepository] Opened repository (real path): /home/monarch/waydroid_script
2025-06-27 18:19:07.492 [info] > git merge-base refs/heads/master refs/remotes/origin/master [61ms]
2025-06-27 18:19:07.498 [info] > git for-each-ref --format=%(refname)%00%(upstream:short)%00%(objectname)%00%(upstream:track)%00%(upstream:remotename)%00%(upstream:remoteref) refs/heads/master refs/remotes/master [74ms]
2025-06-27 18:19:07.513 [warning] [Git][revParse] Unable to read file: ENOENT: no such file or directory, open '/home/monarch/sddm-eucalyptus-drop/.git/refs/remotes/origin/master'
2025-06-27 18:19:07.515 [info] > git diff --name-status -z --diff-filter=ADMR f8022980a3423f25e3d5e1b6a60d2372a2ba006b...refs/remotes/origin/master [17ms]
2025-06-27 18:19:07.516 [info] > git rev-parse --show-toplevel [29ms]
2025-06-27 18:19:07.516 [info] > git config --get commit.template [35ms]
2025-06-27 18:19:07.517 [info] > git for-each-ref --format=%(refname)%00%(upstream:short)%00%(objectname)%00%(upstream:track)%00%(upstream:remotename)%00%(upstream:remoteref) refs/heads/master refs/remotes/master [42ms]
2025-06-27 18:19:07.525 [info] > git rev-parse refs/remotes/origin/master [12ms]
2025-06-27 18:19:07.547 [info] > git status -z -uall [15ms]
2025-06-27 18:19:07.548 [info] > git rev-parse --git-dir --git-common-dir [24ms]
2025-06-27 18:19:07.555 [info] [Model][openRepository] Opened repository (path): /home/monarch/yay
2025-06-27 18:19:07.555 [info] [Model][openRepository] Opened repository (real path): /home/monarch/yay
2025-06-27 18:19:07.555 [info] [Model][doInitialScan] Initial repository scan completed - repositories (4), closed repositories (0), parent repositories (0), unsafe repositories (0)
2025-06-27 18:19:07.571 [info] > git for-each-ref --format=%(refname)%00%(upstream:short)%00%(objectname)%00%(upstream:track)%00%(upstream:remotename)%00%(upstream:remoteref) refs/heads/main refs/remotes/main [25ms]
2025-06-27 18:19:07.571 [info] > git for-each-ref --sort -committerdate --format %(refname)%00%(objectname)%00%(*objectname) [30ms]
2025-06-27 18:19:07.611 [warning] [Git][revParse] Unable to read file: ENOENT: no such file or directory, open '/home/monarch/waydroid_script/.git/refs/remotes/origin/main'
2025-06-27 18:19:07.619 [info] > git for-each-ref --format=%(refname)%00%(upstream:short)%00%(objectname)%00%(upstream:track)%00%(upstream:remotename)%00%(upstream:remoteref) refs/heads/master refs/remotes/master [38ms]
2025-06-27 18:19:07.624 [info] > git rev-parse --show-toplevel [55ms]
2025-06-27 18:19:07.624 [info] fatal: not a git repository (or any of the parent directories): .git
2025-06-27 18:19:07.624 [info] > git config --get commit.template [62ms]
2025-06-27 18:19:07.628 [info] > git config --get --local branch.master.vscode-merge-base [4ms]
2025-06-27 18:19:07.635 [info] > git config --get commit.template [18ms]
2025-06-27 18:19:07.635 [info] > git rev-parse refs/remotes/origin/main [24ms]
2025-06-27 18:19:07.647 [info] > git for-each-ref --sort -committerdate --format %(refname)%00%(objectname)%00%(*objectname) [42ms]
2025-06-27 18:19:07.656 [info] > git status -z -uall [61ms]
2025-06-27 18:19:07.656 [info] > git for-each-ref --sort -committerdate --format %(refname)%00%(objectname)%00%(*objectname) [9ms]
2025-06-27 18:19:07.657 [info] > git for-each-ref --format=%(refname)%00%(upstream:short)%00%(objectname)%00%(upstream:track)%00%(upstream:remotename)%00%(upstream:remoteref) refs/heads/origin/master refs/remotes/origin/master [22ms]
2025-06-27 18:19:07.676 [info] > git status -z -uall [35ms]
2025-06-27 18:19:07.676 [info] > git merge-base refs/heads/master refs/remotes/origin/master [14ms]
2025-06-27 18:19:07.682 [info] > git for-each-ref --format=%(refname)%00%(upstream:short)%00%(objectname)%00%(upstream:track)%00%(upstream:remotename)%00%(upstream:remoteref) refs/heads/master refs/remotes/master [27ms]
2025-06-27 18:19:07.688 [warning] [Git][revParse] Unable to read file: ENOENT: no such file or directory, open '/home/monarch/yay/.git/refs/remotes/origin/master'
2025-06-27 18:19:07.688 [info] > git for-each-ref --format=%(refname)%00%(upstream:short)%00%(objectname)%00%(upstream:track)%00%(upstream:remotename)%00%(upstream:remoteref) refs/heads/master refs/remotes/master [13ms]
2025-06-27 18:19:07.703 [warning] [Git][revParse] Unable to read file: ENOENT: no such file or directory, open '/home/monarch/sddm-eucalyptus-drop/.git/refs/remotes/origin/master'
2025-06-27 18:19:07.709 [info] > git for-each-ref --format=%(refname)%00%(upstream:short)%00%(objectname)%00%(upstream:track)%00%(upstream:remotename)%00%(upstream:remoteref) refs/heads/main refs/remotes/main [14ms]
2025-06-27 18:19:07.717 [info] > git rev-parse refs/remotes/origin/master [28ms]
2025-06-27 18:19:07.730 [info] > git diff --name-status -z --diff-filter=ADMR 0b82ca465b7dac6d7ff15ebaf1b2f26daba5d126...refs/remotes/origin/master [48ms]
2025-06-27 18:19:07.740 [info] > git status -z -uall [17ms]
2025-06-27 18:19:07.740 [info] > git check-ignore -v -z --stdin [2ms]
2025-06-27 18:19:07.741 [info] > git for-each-ref --sort -committerdate --format %(refname)%00%(objectname)%00%(*objectname) [11ms]
2025-06-27 18:19:07.753 [info] > git config --get --local branch.main.vscode-merge-base [37ms]
2025-06-27 18:19:07.758 [info] > git config --get commit.template [50ms]
2025-06-27 18:19:07.758 [info] > git rev-parse refs/remotes/origin/master [55ms]
2025-06-27 18:19:07.779 [info] > git status -z -uall [15ms]
2025-06-27 18:19:07.779 [info] > git for-each-ref --sort -committerdate --format %(refname)%00%(objectname)%00%(*objectname) [8ms]
2025-06-27 18:19:07.784 [info] > git for-each-ref --format=%(refname)%00%(upstream:short)%00%(objectname)%00%(upstream:track)%00%(upstream:remotename)%00%(upstream:remoteref) refs/heads/origin/main refs/remotes/origin/main [26ms]
2025-06-27 18:19:07.790 [info] > git for-each-ref --format=%(refname)%00%(upstream:short)%00%(objectname)%00%(upstream:track)%00%(upstream:remotename)%00%(upstream:remoteref) refs/heads/master refs/remotes/master [40ms]
2025-06-27 18:19:07.804 [info] > git config --get --local branch.master.vscode-merge-base [9ms]
2025-06-27 18:19:07.809 [info] > git merge-base refs/heads/main refs/remotes/origin/main [19ms]
2025-06-27 18:19:07.815 [info] > git config --get commit.template [38ms]
2025-06-27 18:19:07.817 [info] > git diff --name-status -z --diff-filter=ADMR 32d21c8074c17bfbab70f7158b80464227821424...refs/remotes/origin/main [2ms]
2025-06-27 18:19:07.818 [info] > git for-each-ref --format=%(refname)%00%(upstream:short)%00%(objectname)%00%(upstream:track)%00%(upstream:remotename)%00%(upstream:remoteref) refs/heads/origin/master refs/remotes/origin/master [9ms]
2025-06-27 18:19:07.824 [info] > git for-each-ref --format=%(refname)%00%(upstream:short)%00%(objectname)%00%(upstream:track)%00%(upstream:remotename)%00%(upstream:remoteref) refs/heads/main refs/remotes/main [21ms]
2025-06-27 18:19:07.835 [warning] [Git][revParse] Unable to read file: ENOENT: no such file or directory, open '/home/monarch/waydroid_script/.git/refs/remotes/origin/main'
2025-06-27 18:19:07.838 [info] > git for-each-ref --format=%(refname)%00%(upstream:short)%00%(objectname)%00%(upstream:track)%00%(upstream:remotename)%00%(upstream:remoteref) refs/heads/master refs/remotes/master [9ms]
2025-06-27 18:19:07.838 [info] > git merge-base refs/heads/master refs/remotes/origin/master [14ms]
2025-06-27 18:19:07.848 [warning] [Git][revParse] Unable to read file: ENOENT: no such file or directory, open '/home/monarch/yay/.git/refs/remotes/origin/master'
2025-06-27 18:19:07.848 [info] > git rev-parse refs/remotes/origin/main [13ms]
2025-06-27 18:19:07.862 [info] > git rev-parse refs/remotes/origin/master [14ms]
2025-06-27 18:19:07.875 [info] > git diff --name-status -z --diff-filter=ADMR 59714d8ae3dc1e5790228c1faeef8283b0c0101f...refs/remotes/origin/master [33ms]
2025-06-27 18:19:07.876 [info] > git status -z -uall [8ms]
2025-06-27 18:19:07.876 [info] > git for-each-ref --sort -committerdate --format %(refname)%00%(objectname)%00%(*objectname) [15ms]
2025-06-27 18:19:07.878 [info] > git for-each-ref --sort -committerdate --format %(refname)%00%(objectname)%00%(*objectname) [3ms]
2025-06-27 18:19:07.887 [info] > git status -z -uall [32ms]
2025-06-27 18:19:15.964 [info] > git rev-parse --show-toplevel [4ms]
2025-06-27 18:19:15.964 [info] fatal: not a git repository (or any of the parent directories): .git
