2025-06-27 18:19:04.975 [info] Extension host with pid 47535 started
2025-06-27 18:19:04.975 [info] Skipping acquiring lock for /home/monarch/.config/Code - OSS/User/workspaceStorage/c690b74cf538cbf10ee02e64d9e2d930.
2025-06-27 18:19:05.492 [info] ExtensionService#_doActivateExtension vscode.emmet, startup: false, activationEvent: 'onLanguage'
2025-06-27 18:19:05.537 [info] ExtensionService#_doActivateExtension vscode.css-language-features, startup: false, activationEvent: 'onLanguage:css'
2025-06-27 18:19:05.970 [info] ExtensionService#_doActivateExtension vscode.configuration-editing, startup: false, activationEvent: 'onLanguage:jsonc'
2025-06-27 18:19:06.003 [info] ExtensionService#_doActivateExtension vscode.json-language-features, startup: false, activationEvent: 'onLanguage:jsonc'
2025-06-27 18:19:06.180 [info] ExtensionService#_doActivateExtension vscode.typescript-language-features, startup: false, activationEvent: 'onLanguage:jsonc'
2025-06-27 18:19:06.425 [info] ExtensionService#_doActivateExtension vscode.git-base, startup: true, activationEvent: '*', root cause: vscode.git
2025-06-27 18:19:06.476 [info] ExtensionService#_doActivateExtension vscode.git, startup: true, activationEvent: '*'
2025-06-27 18:19:06.577 [info] ExtensionService#_doActivateExtension vscode.github, startup: true, activationEvent: '*'
2025-06-27 18:19:06.836 [info] Eager extensions activated
2025-06-27 18:19:06.871 [info] ExtensionService#_doActivateExtension vscode.debug-auto-launch, startup: false, activationEvent: 'onStartupFinished'
2025-06-27 18:19:06.875 [info] ExtensionService#_doActivateExtension vscode.merge-conflict, startup: false, activationEvent: 'onStartupFinished'
2025-06-27 18:19:06.910 [info] ExtensionService#_doActivateExtension LeonardSSH.vscord, startup: false, activationEvent: 'onStartupFinished'
2025-06-27 18:19:07.440 [info] ExtensionService#_doActivateExtension vscode.github-authentication, startup: false, activationEvent: 'onAuthenticationRequest:github'
2025-06-27 18:19:52.544 [info] Extension host terminating: renderer closed the MessagePort
2025-06-27 18:19:52.621 [error] Error: Channel has been closed
    at n (file:///usr/lib/code/out/vs/workbench/api/node/extensionHostProcess.js:127:2816)
    at Object.info (file:///usr/lib/code/out/vs/workbench/api/node/extensionHostProcess.js:127:3161)
    at T.info (/usr/lib/code/extensions/json-language-features/client/dist/node/jsonClientMain.js:2:291132)
    at ChildProcess.<anonymous> (/usr/lib/code/extensions/json-language-features/client/dist/node/jsonClientMain.js:2:514808)
    at ChildProcess.emit (node:events:518:28)
    at Process.ChildProcess._handle.onexit (node:internal/child_process:293:12)
2025-06-27 18:19:57.577 [info] Extension host with pid 47535 exiting with code 0
